android/app/build/intermediates/manifest_merge_blame_file/debug/manifest-merger-blame-debug-report.txt
1<?xml version="1.0" encoding="utf-8"?>
2<manifest xmlns:android="http://schemas.android.com/apk/res/android"
3    package="io.ionic.starter"
4    android:versionCode="1"
5    android:versionName="1.0" >
6
7    <uses-sdk
8        android:minSdkVersion="22"
9        android:targetSdkVersion="33" />
10
11    <uses-feature
11-->src\main\AndroidManifest.xml:5:3-7:32
12        android:name="android.hardware.camera"
12-->src\main\AndroidManifest.xml:6:5-43
13        android:required="true" />
13-->src\main\AndroidManifest.xml:7:5-29
14
15    <!-- Permissions -->
16
17    <uses-permission android:name="android.permission.INTERNET" />
17-->src\main\AndroidManifest.xml:48:5-67
17-->src\main\AndroidManifest.xml:48:22-64
18    <!-- To get access to the camera. -->
19    <uses-permission android:name="android.permission.CAMERA" />
19-->src\main\AndroidManifest.xml:50:5-64
19-->src\main\AndroidManifest.xml:50:22-62
20    <!-- To get access to the flashlight. -->
21    <uses-permission android:name="android.permission.FLASHLIGHT" />
21-->src\main\AndroidManifest.xml:52:5-68
21-->src\main\AndroidManifest.xml:52:22-66
22    <uses-permission android:name="android.permission.VIBRATE" />
22-->[:capacitor-haptics] AndroidManifest.xml:7:5-66
22-->[:capacitor-haptics] AndroidManifest.xml:7:22-63
23
24    <permission
24-->[androidx.core:core:1.10.0] AndroidManifest.xml:22:5-24:47
25        android:name="io.ionic.starter.DYNAMIC_RECEIVER_NOT_EXPORTED_PERMISSION"
25-->[androidx.core:core:1.10.0] AndroidManifest.xml:23:9-81
26        android:protectionLevel="signature" />
26-->[androidx.core:core:1.10.0] AndroidManifest.xml:24:9-44
27
28    <uses-permission android:name="io.ionic.starter.DYNAMIC_RECEIVER_NOT_EXPORTED_PERMISSION" /> <!-- Although the *SdkVersion is captured in gradle build files, this is required for non gradle builds -->
28-->[androidx.core:core:1.10.0] AndroidManifest.xml:26:5-97
28-->[androidx.core:core:1.10.0] AndroidManifest.xml:26:22-94
29    <!-- <uses-sdk android:minSdkVersion="14"/> -->
30    <uses-permission android:name="android.permission.ACCESS_NETWORK_STATE" />
30-->[com.google.android.datatransport:transport-backend-cct:2.3.3] AndroidManifest.xml:25:5-79
30-->[com.google.android.datatransport:transport-backend-cct:2.3.3] AndroidManifest.xml:25:22-76
31
32    <application
32-->src\main\AndroidManifest.xml:8:3-44:19
33        android:allowBackup="true"
33-->src\main\AndroidManifest.xml:9:9-35
34        android:appComponentFactory="androidx.core.app.CoreComponentFactory"
34-->[androidx.core:core:1.10.0] AndroidManifest.xml:28:18-86
35        android:debuggable="true"
36        android:extractNativeLibs="true"
37        android:icon="@mipmap/ic_launcher"
37-->src\main\AndroidManifest.xml:10:9-43
38        android:label="@string/app_name"
38-->src\main\AndroidManifest.xml:11:9-41
39        android:roundIcon="@mipmap/ic_launcher_round"
39-->src\main\AndroidManifest.xml:12:9-54
40        android:supportsRtl="true"
40-->src\main\AndroidManifest.xml:13:9-35
41        android:testOnly="true"
42        android:theme="@style/AppTheme" >
42-->src\main\AndroidManifest.xml:14:9-40
43        <meta-data
43-->src\main\AndroidManifest.xml:16:9-100
44            android:name="com.google.mlkit.vision.DEPENDENCIES"
44-->src\main\AndroidManifest.xml:16:20-71
45            android:value="barcode_ui" />
45-->src\main\AndroidManifest.xml:16:72-98
46
47        <activity
47-->src\main\AndroidManifest.xml:18:9-31:20
48            android:name="io.ionic.starter.MainActivity"
48-->src\main\AndroidManifest.xml:20:13-41
49            android:configChanges="orientation|keyboardHidden|keyboard|screenSize|locale|smallestScreenSize|screenLayout|uiMode"
49-->src\main\AndroidManifest.xml:19:13-129
50            android:exported="true"
50-->src\main\AndroidManifest.xml:24:13-36
51            android:label="@string/title_activity_main"
51-->src\main\AndroidManifest.xml:21:13-56
52            android:launchMode="singleTask"
52-->src\main\AndroidManifest.xml:23:13-44
53            android:theme="@style/AppTheme.NoActionBarLaunch" >
53-->src\main\AndroidManifest.xml:22:13-62
54            <intent-filter>
54-->src\main\AndroidManifest.xml:26:13-29:29
55                <action android:name="android.intent.action.MAIN" />
55-->src\main\AndroidManifest.xml:27:17-69
55-->src\main\AndroidManifest.xml:27:25-66
56
57                <category android:name="android.intent.category.LAUNCHER" />
57-->src\main\AndroidManifest.xml:28:17-77
57-->src\main\AndroidManifest.xml:28:27-74
58            </intent-filter>
59        </activity>
60
61        <provider
62            android:name="androidx.core.content.FileProvider"
62-->src\main\AndroidManifest.xml:34:13-62
63            android:authorities="io.ionic.starter.fileprovider"
63-->src\main\AndroidManifest.xml:35:13-64
64            android:exported="false"
64-->src\main\AndroidManifest.xml:36:13-37
65            android:grantUriPermissions="true" >
65-->src\main\AndroidManifest.xml:37:13-47
66            <meta-data
66-->src\main\AndroidManifest.xml:38:13-40:64
67                android:name="android.support.FILE_PROVIDER_PATHS"
67-->src\main\AndroidManifest.xml:39:17-67
68                android:resource="@xml/file_paths" />
68-->src\main\AndroidManifest.xml:40:17-51
69            <meta-data
69-->src\main\AndroidManifest.xml:16:9-100
70                android:name="com.google.mlkit.vision.DEPENDENCIES"
70-->src\main\AndroidManifest.xml:16:20-71
71                android:value="barcode_ui" />
71-->src\main\AndroidManifest.xml:16:72-98
72        </provider>
73
74        <activity
74-->[:capacitor-cordova-android-plugins] AndroidManifest.xml:16:9-22:63
75            android:name="com.google.zxing.client.android.CaptureActivity"
75-->[:capacitor-cordova-android-plugins] AndroidManifest.xml:17:13-75
76            android:clearTaskOnLaunch="true"
76-->[:capacitor-cordova-android-plugins] AndroidManifest.xml:18:13-45
77            android:configChanges="orientation|keyboardHidden|screenSize"
77-->[:capacitor-cordova-android-plugins] AndroidManifest.xml:19:13-74
78            android:exported="false"
78-->[:capacitor-cordova-android-plugins] AndroidManifest.xml:20:13-37
79            android:theme="@android:style/Theme.NoTitleBar.Fullscreen"
79-->[:capacitor-cordova-android-plugins] AndroidManifest.xml:21:13-71
80            android:windowSoftInputMode="stateAlwaysHidden" />
80-->[:capacitor-cordova-android-plugins] AndroidManifest.xml:22:13-60
81        <activity
81-->[:capacitor-cordova-android-plugins] AndroidManifest.xml:23:9-25:37
82            android:name="com.google.zxing.client.android.encode.EncodeActivity"
82-->[:capacitor-cordova-android-plugins] AndroidManifest.xml:24:13-81
83            android:label="Share" />
83-->[:capacitor-cordova-android-plugins] AndroidManifest.xml:25:13-34
84        <!--
85        This activity is an invisible delegate activity to start scanner activity
86        and receive result, so it's unnecessary to support screen orientation and
87        we can avoid any side effect from activity recreation in any case.
88        -->
89        <activity
89-->[com.google.android.gms:play-services-code-scanner:16.0.0] AndroidManifest.xml:15:9-20:20
90            android:name="com.google.mlkit.vision.codescanner.internal.GmsBarcodeScanningDelegateActivity"
90-->[com.google.android.gms:play-services-code-scanner:16.0.0] AndroidManifest.xml:16:13-107
91            android:exported="false"
91-->[com.google.android.gms:play-services-code-scanner:16.0.0] AndroidManifest.xml:17:13-37
92            android:screenOrientation="portrait" >
92-->[com.google.android.gms:play-services-code-scanner:16.0.0] AndroidManifest.xml:18:13-49
93        </activity>
94
95        <service
95-->[com.google.android.gms:play-services-mlkit-barcode-scanning:18.2.0] AndroidManifest.xml:9:9-15:19
96            android:name="com.google.mlkit.common.internal.MlKitComponentDiscoveryService"
96-->[com.google.android.gms:play-services-mlkit-barcode-scanning:18.2.0] AndroidManifest.xml:10:13-91
97            android:directBootAware="true"
97-->[com.google.mlkit:common:18.7.0] AndroidManifest.xml:17:13-43
98            android:exported="false" >
98-->[com.google.android.gms:play-services-mlkit-barcode-scanning:18.2.0] AndroidManifest.xml:11:13-37
99            <meta-data
99-->[com.google.android.gms:play-services-mlkit-barcode-scanning:18.2.0] AndroidManifest.xml:12:13-14:85
100                android:name="com.google.firebase.components:com.google.mlkit.vision.barcode.internal.BarcodeRegistrar"
100-->[com.google.android.gms:play-services-mlkit-barcode-scanning:18.2.0] AndroidManifest.xml:13:17-120
101                android:value="com.google.firebase.components.ComponentRegistrar" />
101-->[com.google.android.gms:play-services-mlkit-barcode-scanning:18.2.0] AndroidManifest.xml:14:17-82
102            <meta-data
102-->[com.google.mlkit:vision-common:17.3.0] AndroidManifest.xml:12:13-14:85
103                android:name="com.google.firebase.components:com.google.mlkit.vision.common.internal.VisionCommonRegistrar"
103-->[com.google.mlkit:vision-common:17.3.0] AndroidManifest.xml:13:17-124
104                android:value="com.google.firebase.components.ComponentRegistrar" />
104-->[com.google.mlkit:vision-common:17.3.0] AndroidManifest.xml:14:17-82
105            <meta-data
105-->[com.google.mlkit:common:18.7.0] AndroidManifest.xml:20:13-22:85
106                android:name="com.google.firebase.components:com.google.mlkit.common.internal.CommonComponentRegistrar"
106-->[com.google.mlkit:common:18.7.0] AndroidManifest.xml:21:17-120
107                android:value="com.google.firebase.components.ComponentRegistrar" />
107-->[com.google.mlkit:common:18.7.0] AndroidManifest.xml:22:17-82
108        </service>
109
110        <provider
110-->[com.google.mlkit:common:18.7.0] AndroidManifest.xml:9:9-13:38
111            android:name="com.google.mlkit.common.internal.MlKitInitProvider"
111-->[com.google.mlkit:common:18.7.0] AndroidManifest.xml:10:13-78
112            android:authorities="io.ionic.starter.mlkitinitprovider"
112-->[com.google.mlkit:common:18.7.0] AndroidManifest.xml:11:13-69
113            android:exported="false"
113-->[com.google.mlkit:common:18.7.0] AndroidManifest.xml:12:13-37
114            android:initOrder="99" />
114-->[com.google.mlkit:common:18.7.0] AndroidManifest.xml:13:13-35
115
116        <activity
116-->[com.google.android.gms:play-services-base:18.1.0] AndroidManifest.xml:20:9-22:45
117            android:name="com.google.android.gms.common.api.GoogleApiActivity"
117-->[com.google.android.gms:play-services-base:18.1.0] AndroidManifest.xml:20:19-85
118            android:exported="false"
118-->[com.google.android.gms:play-services-base:18.1.0] AndroidManifest.xml:22:19-43
119            android:theme="@android:style/Theme.Translucent.NoTitleBar" />
119-->[com.google.android.gms:play-services-base:18.1.0] AndroidManifest.xml:21:19-78
120
121        <meta-data
121-->[com.google.android.gms:play-services-basement:18.1.0] AndroidManifest.xml:21:9-23:69
122            android:name="com.google.android.gms.version"
122-->[com.google.android.gms:play-services-basement:18.1.0] AndroidManifest.xml:22:13-58
123            android:value="@integer/google_play_services_version" />
123-->[com.google.android.gms:play-services-basement:18.1.0] AndroidManifest.xml:23:13-66
124
125        <provider
125-->[androidx.emoji2:emoji2:1.2.0] AndroidManifest.xml:24:9-32:20
126            android:name="androidx.startup.InitializationProvider"
126-->[androidx.emoji2:emoji2:1.2.0] AndroidManifest.xml:25:13-67
127            android:authorities="io.ionic.starter.androidx-startup"
127-->[androidx.emoji2:emoji2:1.2.0] AndroidManifest.xml:26:13-68
128            android:exported="false" >
128-->[androidx.emoji2:emoji2:1.2.0] AndroidManifest.xml:27:13-37
129            <meta-data
129-->[androidx.emoji2:emoji2:1.2.0] AndroidManifest.xml:29:13-31:52
130                android:name="androidx.emoji2.text.EmojiCompatInitializer"
130-->[androidx.emoji2:emoji2:1.2.0] AndroidManifest.xml:30:17-75
131                android:value="androidx.startup" />
131-->[androidx.emoji2:emoji2:1.2.0] AndroidManifest.xml:31:17-49
132            <meta-data
132-->[androidx.lifecycle:lifecycle-process:2.6.1] AndroidManifest.xml:29:13-31:52
133                android:name="androidx.lifecycle.ProcessLifecycleInitializer"
133-->[androidx.lifecycle:lifecycle-process:2.6.1] AndroidManifest.xml:30:17-78
134                android:value="androidx.startup" />
134-->[androidx.lifecycle:lifecycle-process:2.6.1] AndroidManifest.xml:31:17-49
135            <meta-data
135-->[androidx.profileinstaller:profileinstaller:1.3.0] AndroidManifest.xml:29:13-31:52
136                android:name="androidx.profileinstaller.ProfileInstallerInitializer"
136-->[androidx.profileinstaller:profileinstaller:1.3.0] AndroidManifest.xml:30:17-85
137                android:value="androidx.startup" />
137-->[androidx.profileinstaller:profileinstaller:1.3.0] AndroidManifest.xml:31:17-49
138        </provider>
139
140        <service
140-->[androidx.camera:camera-camera2:1.1.0] AndroidManifest.xml:26:9-35:19
141            android:name="androidx.camera.core.impl.MetadataHolderService"
141-->[androidx.camera:camera-camera2:1.1.0] AndroidManifest.xml:27:13-75
142            android:enabled="false"
142-->[androidx.camera:camera-camera2:1.1.0] AndroidManifest.xml:28:13-36
143            android:exported="false" >
143-->[androidx.camera:camera-camera2:1.1.0] AndroidManifest.xml:29:13-37
144            <meta-data
144-->[androidx.camera:camera-camera2:1.1.0] AndroidManifest.xml:32:13-34:89
145                android:name="androidx.camera.core.impl.MetadataHolderService.DEFAULT_CONFIG_PROVIDER"
145-->[androidx.camera:camera-camera2:1.1.0] AndroidManifest.xml:33:17-103
146                android:value="androidx.camera.camera2.Camera2Config$DefaultProvider" />
146-->[androidx.camera:camera-camera2:1.1.0] AndroidManifest.xml:34:17-86
147        </service>
148
149        <receiver
149-->[androidx.profileinstaller:profileinstaller:1.3.0] AndroidManifest.xml:34:9-52:20
150            android:name="androidx.profileinstaller.ProfileInstallReceiver"
150-->[androidx.profileinstaller:profileinstaller:1.3.0] AndroidManifest.xml:35:13-76
151            android:directBootAware="false"
151-->[androidx.profileinstaller:profileinstaller:1.3.0] AndroidManifest.xml:36:13-44
152            android:enabled="true"
152-->[androidx.profileinstaller:profileinstaller:1.3.0] AndroidManifest.xml:37:13-35
153            android:exported="true"
153-->[androidx.profileinstaller:profileinstaller:1.3.0] AndroidManifest.xml:38:13-36
154            android:permission="android.permission.DUMP" >
154-->[androidx.profileinstaller:profileinstaller:1.3.0] AndroidManifest.xml:39:13-57
155            <intent-filter>
155-->[androidx.profileinstaller:profileinstaller:1.3.0] AndroidManifest.xml:40:13-42:29
156                <action android:name="androidx.profileinstaller.action.INSTALL_PROFILE" />
156-->[androidx.profileinstaller:profileinstaller:1.3.0] AndroidManifest.xml:41:17-91
156-->[androidx.profileinstaller:profileinstaller:1.3.0] AndroidManifest.xml:41:25-88
157            </intent-filter>
158            <intent-filter>
158-->[androidx.profileinstaller:profileinstaller:1.3.0] AndroidManifest.xml:43:13-45:29
159                <action android:name="androidx.profileinstaller.action.SKIP_FILE" />
159-->[androidx.profileinstaller:profileinstaller:1.3.0] AndroidManifest.xml:44:17-85
159-->[androidx.profileinstaller:profileinstaller:1.3.0] AndroidManifest.xml:44:25-82
160            </intent-filter>
161            <intent-filter>
161-->[androidx.profileinstaller:profileinstaller:1.3.0] AndroidManifest.xml:46:13-48:29
162                <action android:name="androidx.profileinstaller.action.SAVE_PROFILE" />
162-->[androidx.profileinstaller:profileinstaller:1.3.0] AndroidManifest.xml:47:17-88
162-->[androidx.profileinstaller:profileinstaller:1.3.0] AndroidManifest.xml:47:25-85
163            </intent-filter>
164            <intent-filter>
164-->[androidx.profileinstaller:profileinstaller:1.3.0] AndroidManifest.xml:49:13-51:29
165                <action android:name="androidx.profileinstaller.action.BENCHMARK_OPERATION" />
165-->[androidx.profileinstaller:profileinstaller:1.3.0] AndroidManifest.xml:50:17-95
165-->[androidx.profileinstaller:profileinstaller:1.3.0] AndroidManifest.xml:50:25-92
166            </intent-filter>
167        </receiver>
168
169        <service
169-->[com.google.android.datatransport:transport-backend-cct:2.3.3] AndroidManifest.xml:29:9-35:19
170            android:name="com.google.android.datatransport.runtime.backends.TransportBackendDiscovery"
170-->[com.google.android.datatransport:transport-backend-cct:2.3.3] AndroidManifest.xml:30:13-103
171            android:exported="false" >
171-->[com.google.android.datatransport:transport-backend-cct:2.3.3] AndroidManifest.xml:31:13-37
172            <meta-data
172-->[com.google.android.datatransport:transport-backend-cct:2.3.3] AndroidManifest.xml:32:13-34:39
173                android:name="backend:com.google.android.datatransport.cct.CctBackendFactory"
173-->[com.google.android.datatransport:transport-backend-cct:2.3.3] AndroidManifest.xml:33:17-94
174                android:value="cct" />
174-->[com.google.android.datatransport:transport-backend-cct:2.3.3] AndroidManifest.xml:34:17-36
175        </service>
176        <service
176-->[com.google.android.datatransport:transport-runtime:2.2.6] AndroidManifest.xml:26:9-30:19
177            android:name="com.google.android.datatransport.runtime.scheduling.jobscheduling.JobInfoSchedulerService"
177-->[com.google.android.datatransport:transport-runtime:2.2.6] AndroidManifest.xml:27:13-117
178            android:exported="false"
178-->[com.google.android.datatransport:transport-runtime:2.2.6] AndroidManifest.xml:28:13-37
179            android:permission="android.permission.BIND_JOB_SERVICE" >
179-->[com.google.android.datatransport:transport-runtime:2.2.6] AndroidManifest.xml:29:13-69
180        </service>
181
182        <receiver
182-->[com.google.android.datatransport:transport-runtime:2.2.6] AndroidManifest.xml:32:9-34:40
183            android:name="com.google.android.datatransport.runtime.scheduling.jobscheduling.AlarmManagerSchedulerBroadcastReceiver"
183-->[com.google.android.datatransport:transport-runtime:2.2.6] AndroidManifest.xml:33:13-132
184            android:exported="false" />
184-->[com.google.android.datatransport:transport-runtime:2.2.6] AndroidManifest.xml:34:13-37
185    </application>
186
187</manifest>